!      ---- Modo de Desenho da Barra ---
BU
!      ---- Tamanho da Fonte das Legendas ---
F 1
!      ---- Cores (Fundo - Identificador - Numero - Valor - Grid - Fluxo Ativo - Fluxo Reativo)---
RF 255 255 255
RI 128 0 128
RN 128 0 128
RV 0 0 255
RG 0 0 0
RA 0 0 255
RR 255 0 0
!      ---- Grupos Base de Tensão ----
!Ten  lar  R   G   B ID
!    ---- Componentes ----
!Numero Tipo Rot Hac Px Py Cor sl SubTp ch1 ch2 ch3 ch4 Descrip
C 28  1 257 0    -32    -64  0  0 -  1  0  0  0 0
C 29  1 513 0    112    -96  0  0 -  2  0  0  0 0
C 30  1 513 0    288    -96  0  0 -  3  0  0  0 0
C 32  9 3 0     32    -48  0  0 -  1  1  2  0 0
C 36  4 1 0    -96    -48  0  0 -  1  1  0  0 86
C 38  4 3 0    368    -48  0  0 -  1  3  0  0 86
!      ---- Linhas ----
!Numero Tipo hac sl De Para ch1 nsg segmentos
L33 14 0 0  29  30  1  1 27 
L35 14 0 0  29  30  2  1 29 
!     ---- Ligacoes ----
!Numero Flags cor Inic Coni Fin Conf Linhas nqb quebras
U25 0  0  32   1  28   2  -1   0 
U26 0  0  32   2  29   4  -1   0 
U27 0  0  29   2  30   2  33   0 
U29 0  0  29   5  30   5  35   0 
U30 0  0  36   1  28   2  -1   0 
U32 0  0  38   1  30   4  -1   0 
!    ---- Posição de Legenda de Componentes ----
!NumCompo Label Rot Px Py
!     ---- Posição de Legenda de Ligacoes ----
!Lado NumLig Label Px Py
